  main.c
c:\users\faraz\downloads\github stuff\farazzassign2\farazzassign2\main.c(18): warning C4013: 'malloc' undefined; assuming extern returning int
c:\users\faraz\downloads\github stuff\farazzassign2\farazzassign2\main.c(29): warning C4047: '=': 'int **' differs in levels of indirection from 'int'
c:\users\faraz\downloads\github stuff\farazzassign2\farazzassign2\main.c(33): warning C4047: '=': 'int *' differs in levels of indirection from 'int'
c:\users\faraz\downloads\github stuff\farazzassign2\farazzassign2\main.c(62): warning C4133: '=': incompatible types - from 'int *' to 'EdgeList *'
c:\users\faraz\downloads\github stuff\farazzassign2\farazzassign2\main.c(86): warning C4013: 'insert_at_front' undefined; assuming extern returning int
c:\users\faraz\downloads\github stuff\farazzassign2\farazzassign2\main.c(98): warning C4013: 'FloydShortestPath' undefined; assuming extern returning int
c:\users\faraz\downloads\github stuff\farazzassign2\farazzassign2\main.c(100): warning C4013: 'calccent' undefined; assuming extern returning int
c:\users\faraz\downloads\github stuff\farazzassign2\farazzassign2\main.c(105): warning C4013: 'free' undefined; assuming extern returning int
c:\users\faraz\downloads\github stuff\farazzassign2\farazzassign2\main.c(21): warning C4996: 'fopen': This function or variable may be unsafe. Consider using fopen_s instead. To disable deprecation, use _CRT_SECURE_NO_WARNINGS. See online help for details.
  c:\program files (x86)\windows kits\10\include\10.0.10240.0\ucrt\stdio.h(205): note: see declaration of 'fopen'
c:\users\faraz\downloads\github stuff\farazzassign2\farazzassign2\main.c(22): warning C4996: 'fscanf': This function or variable may be unsafe. Consider using fscanf_s instead. To disable deprecation, use _CRT_SECURE_NO_WARNINGS. See online help for details.
  c:\program files (x86)\windows kits\10\include\10.0.10240.0\ucrt\stdio.h(1193): note: see declaration of 'fscanf'
c:\users\faraz\downloads\github stuff\farazzassign2\farazzassign2\main.c(72): warning C4996: 'fscanf': This function or variable may be unsafe. Consider using fscanf_s instead. To disable deprecation, use _CRT_SECURE_NO_WARNINGS. See online help for details.
  c:\program files (x86)\windows kits\10\include\10.0.10240.0\ucrt\stdio.h(1193): note: see declaration of 'fscanf'
c:\users\faraz\downloads\github stuff\farazzassign2\farazzassign2\main.c(82): warning C4996: 'fscanf': This function or variable may be unsafe. Consider using fscanf_s instead. To disable deprecation, use _CRT_SECURE_NO_WARNINGS. See online help for details.
  c:\program files (x86)\windows kits\10\include\10.0.10240.0\ucrt\stdio.h(1193): note: see declaration of 'fscanf'
c:\users\faraz\downloads\github stuff\farazzassign2\farazzassign2\main.c(123): warning C4047: 'initializing': 'EdgeNodePtr' differs in levels of indirection from 'int'
c:\users\faraz\downloads\github stuff\farazzassign2\farazzassign2\main.c(213): warning C4716: 'calccent': must return a value
c:\users\faraz\downloads\github stuff\farazzassign2\farazzassign2\main.c(164): warning C4716: 'FloydShortestPath': must return a value
c:\users\faraz\downloads\github stuff\farazzassign2\farazzassign2\main.c(127): warning C4716: 'insert_at_front': must return a value
  farazzassign2.vcxproj -> C:\Users\faraz\Downloads\github stuff\farazzassign2\Debug\farazzassign2.exe
  farazzassign2.vcxproj -> C:\Users\faraz\Downloads\github stuff\farazzassign2\Debug\farazzassign2.pdb (Partial PDB)
